This is pdfTeX, Version 3.14159265-2.6-1.40.20 (TeX Live 2019/Debian) (preloaded format=pdflatex 2020.10.28)  13 NOV 2021 12:17
entering extended mode
 restricted \write18 enabled.
 file:line:error style messages enabled.
 %&-line parsing enabled.
**/home/jet08013/GitHub/BookFun/chapters/build.tex
(/home/jet08013/GitHub/BookFun/chapters/build.tex
LaTeX2e <2020-02-02> patch level 2
L3 programming layer <2020-02-14> (/usr/share/texlive/texmf-dist/tex/latex/koma-script/scrbook.cls
Document Class: scrbook 2020/01/24 v3.29 KOMA-Script document class (book)
(/usr/share/texlive/texmf-dist/tex/latex/koma-script/scrkbase.sty
Package: scrkbase 2020/01/24 v3.29 KOMA-Script package (KOMA-Script-dependent basics and keyval usage)
 (/usr/share/texlive/texmf-dist/tex/latex/koma-script/scrbase.sty
Package: scrbase 2020/01/24 v3.29 KOMA-Script package (KOMA-Script-independent basics and keyval usage)
 (/usr/share/texlive/texmf-dist/tex/latex/graphics/keyval.sty
Package: keyval 2014/10/28 v1.15 key=value parser (DPC)
\KV@toks@=\toks14
) (/usr/share/texlive/texmf-dist/tex/latex/koma-script/scrlfile.sty
Package: scrlfile 2020/01/24 v3.29 KOMA-Script package (loading files)
))) (/usr/share/texlive/texmf-dist/tex/latex/koma-script/tocbasic.sty
Package: tocbasic 2020/01/24 v3.29 KOMA-Script package (handling toc-files)
\scr@dte@tocline@numberwidth=\skip47
\scr@dte@tocline@numbox=\box45
)
Package tocbasic Info: omitting babel extension for `toc'
(tocbasic)             because of feature `nobabel' available
(tocbasic)             for `toc' on input line 137.
Class scrbook Info: You've used standard option `oneside'.
(scrbook)           This is correct!
(scrbook)           Internally I'm using `twoside=false'.
(scrbook)           If you'd like to set the option with \KOMAoptions,
(scrbook)           you'd have to use `twoside=false' there
(scrbook)           instead of `oneside', too.
Class scrbook Info: File `scrsize11pt.clo' used instead of
(scrbook)           file `scrsize11.clo' to setup font sizes on input line 2424.
 (/usr/share/texlive/texmf-dist/tex/latex/koma-script/scrsize11pt.clo
File: scrsize11pt.clo 2020/01/24 v3.29 KOMA-Script font size class option (11pt)
) (/usr/share/texlive/texmf-dist/tex/latex/koma-script/typearea.sty
Package: typearea 2020/01/24 v3.29 KOMA-Script package (type area)
\ta@bcor=\skip48
\ta@div=\count167
Package typearea Info: You've used standard option `oneside'.
(typearea)             This is correct!
(typearea)             Internally I'm using `twoside=false'.
(typearea)             If you'd like to set the option with \KOMAoptions,
(typearea)             you'd have to use `twoside=false' there
(typearea)             instead of `oneside', too.
\ta@hblk=\skip49
\ta@vblk=\skip50
\ta@temp=\skip51
\footheight=\skip52
Package typearea Info: These are the values describing the layout:
(typearea)             DIV  = 10
(typearea)             BCOR = 0.0pt
(typearea)             \paperwidth      = 597.50793pt
(typearea)              \textwidth      = 418.25555pt
(typearea)              DIV departure   = -6%
(typearea)              \evensidemargin = 17.3562pt
(typearea)              \oddsidemargin  = 17.3562pt
(typearea)             \paperheight     = 845.04694pt
(typearea)              \textheight     = 595.80026pt
(typearea)              \topmargin      = -25.16531pt
(typearea)              \headheight     = 17.0pt
(typearea)              \headsep        = 20.40001pt
(typearea)              \topskip        = 11.0pt
(typearea)              \footskip       = 47.6pt
(typearea)              \baselineskip   = 13.6pt
(typearea)              on input line 1719.
)
\c@part=\count168
\c@chapter=\count169
\c@section=\count170
\c@subsection=\count171
\c@subsubsection=\count172
\c@paragraph=\count173
\c@subparagraph=\count174
\scr@dte@chapter@maxnumwidth=\skip53
Class scrbook Info: using compatibility default `afterindent=bysign'
(scrbook)           for `\chapter on input line 5545.
\scr@dte@section@maxnumwidth=\skip54
Class scrbook Info: using compatibility default `runin=bysign'
(scrbook)           for `\section on input line 5555.
Class scrbook Info: using compatibility default `afterindent=bysign'
(scrbook)           for `\section on input line 5555.
\scr@dte@part@maxnumwidth=\skip55
Class scrbook Info: using compatibility default `afterindent=true'
(scrbook)           for `\part on input line 5564.
\scr@dte@subsection@maxnumwidth=\skip56
Class scrbook Info: using compatibility default `runin=bysign'
(scrbook)           for `\subsection on input line 5574.
Class scrbook Info: using compatibility default `afterindent=bysign'
(scrbook)           for `\subsection on input line 5574.
\scr@dte@subsubsection@maxnumwidth=\skip57
Class scrbook Info: using compatibility default `runin=bysign'
(scrbook)           for `\subsubsection on input line 5584.
Class scrbook Info: using compatibility default `afterindent=bysign'
(scrbook)           for `\subsubsection on input line 5584.
\scr@dte@paragraph@maxnumwidth=\skip58
Class scrbook Info: using compatibility default `runin=bysign'
(scrbook)           for `\paragraph on input line 5594.
Class scrbook Info: using compatibility default `afterindent=bysign'
(scrbook)           for `\paragraph on input line 5594.
\scr@dte@subparagraph@maxnumwidth=\skip59
Class scrbook Info: using compatibility default `runin=bysign'
(scrbook)           for `\subparagraph on input line 5604.
Class scrbook Info: using compatibility default `afterindent=bysign'
(scrbook)           for `\subparagraph on input line 5604.
\abovecaptionskip=\skip60
\belowcaptionskip=\skip61
\c@pti@nb@sid@b@x=\box46
Package tocbasic Info: omitting babel extension for `lof'
(tocbasic)             because of feature `nobabel' available
(tocbasic)             for `lof' on input line 6846.
\scr@dte@figure@maxnumwidth=\skip62
\c@figure=\count175
Package tocbasic Info: omitting babel extension for `lot'
(tocbasic)             because of feature `nobabel' available
(tocbasic)             for `lot' on input line 6867.
\scr@dte@table@maxnumwidth=\skip63
\c@table=\count176
Class scrbook Info: Redefining `\numberline' on input line 7040.
\bibindent=\dimen134
) (/usr/share/texlive/texmf-dist/tex/latex/amsmath/amsmath.sty
Package: amsmath 2020/01/20 v2.17e AMS math features
\@mathmargin=\skip64

For additional information on amsmath, use the `?' option.
(/usr/share/texlive/texmf-dist/tex/latex/amsmath/amstext.sty
Package: amstext 2000/06/29 v2.01 AMS text
 (/usr/share/texlive/texmf-dist/tex/latex/amsmath/amsgen.sty
File: amsgen.sty 1999/11/30 v2.0 generic functions
\@emptytoks=\toks15
\ex@=\dimen135
)) (/usr/share/texlive/texmf-dist/tex/latex/amsmath/amsbsy.sty
Package: amsbsy 1999/11/29 v1.2d Bold Symbols
\pmbraise@=\dimen136
) (/usr/share/texlive/texmf-dist/tex/latex/amsmath/amsopn.sty
Package: amsopn 2016/03/08 v2.02 operator names
)
\inf@bad=\count177
LaTeX Info: Redefining \frac on input line 227.
\uproot@=\count178
\leftroot@=\count179
LaTeX Info: Redefining \overline on input line 389.
\classnum@=\count180
\DOTSCASE@=\count181
LaTeX Info: Redefining \ldots on input line 486.
LaTeX Info: Redefining \dots on input line 489.
LaTeX Info: Redefining \cdots on input line 610.
\Mathstrutbox@=\box47
\strutbox@=\box48
\big@size=\dimen137
LaTeX Font Info:    Redeclaring font encoding OML on input line 733.
LaTeX Font Info:    Redeclaring font encoding OMS on input line 734.
\macc@depth=\count182
\c@MaxMatrixCols=\count183
\dotsspace@=\muskip16
\c@parentequation=\count184
\dspbrk@lvl=\count185
\tag@help=\toks16
\row@=\count186
\column@=\count187
\maxfields@=\count188
\andhelp@=\toks17
\eqnshift@=\dimen138
\alignsep@=\dimen139
\tagshift@=\dimen140
\tagwidth@=\dimen141
\totwidth@=\dimen142
\lineht@=\dimen143
\@envbody=\toks18
\multlinegap=\skip65
\multlinetaggap=\skip66
\mathdisplay@stack=\toks19
LaTeX Info: Redefining \[ on input line 2859.
LaTeX Info: Redefining \] on input line 2860.
) (/usr/share/texlive/texmf-dist/tex/latex/amsfonts/amssymb.sty
Package: amssymb 2013/01/14 v3.01 AMS font symbols
 (/usr/share/texlive/texmf-dist/tex/latex/amsfonts/amsfonts.sty
Package: amsfonts 2013/01/14 v3.01 Basic AMSFonts support
\symAMSa=\mathgroup4
\symAMSb=\mathgroup5
LaTeX Font Info:    Redeclaring math symbol \hbar on input line 98.
LaTeX Font Info:    Overwriting math alphabet `\mathfrak' in version `bold'
(Font)                  U/euf/m/n --> U/euf/b/n on input line 106.
)) (/usr/share/texmf/tex/latex/lm/lmodern.sty
Package: lmodern 2009/10/30 v1.6 Latin Modern Fonts
LaTeX Font Info:    Overwriting symbol font `operators' in version `normal'
(Font)                  OT1/cmr/m/n --> OT1/lmr/m/n on input line 22.
LaTeX Font Info:    Overwriting symbol font `letters' in version `normal'
(Font)                  OML/cmm/m/it --> OML/lmm/m/it on input line 23.
LaTeX Font Info:    Overwriting symbol font `symbols' in version `normal'
(Font)                  OMS/cmsy/m/n --> OMS/lmsy/m/n on input line 24.
LaTeX Font Info:    Overwriting symbol font `largesymbols' in version `normal'
(Font)                  OMX/cmex/m/n --> OMX/lmex/m/n on input line 25.
LaTeX Font Info:    Overwriting symbol font `operators' in version `bold'
(Font)                  OT1/cmr/bx/n --> OT1/lmr/bx/n on input line 26.
LaTeX Font Info:    Overwriting symbol font `letters' in version `bold'
(Font)                  OML/cmm/b/it --> OML/lmm/b/it on input line 27.
LaTeX Font Info:    Overwriting symbol font `symbols' in version `bold'
(Font)                  OMS/cmsy/b/n --> OMS/lmsy/b/n on input line 28.
LaTeX Font Info:    Overwriting symbol font `largesymbols' in version `bold'
(Font)                  OMX/cmex/m/n --> OMX/lmex/m/n on input line 29.
LaTeX Font Info:    Overwriting math alphabet `\mathbf' in version `normal'
(Font)                  OT1/cmr/bx/n --> OT1/lmr/bx/n on input line 31.
LaTeX Font Info:    Overwriting math alphabet `\mathsf' in version `normal'
(Font)                  OT1/cmss/m/n --> OT1/lmss/m/n on input line 32.
LaTeX Font Info:    Overwriting math alphabet `\mathit' in version `normal'
(Font)                  OT1/cmr/m/it --> OT1/lmr/m/it on input line 33.
LaTeX Font Info:    Overwriting math alphabet `\mathtt' in version `normal'
(Font)                  OT1/cmtt/m/n --> OT1/lmtt/m/n on input line 34.
LaTeX Font Info:    Overwriting math alphabet `\mathbf' in version `bold'
(Font)                  OT1/cmr/bx/n --> OT1/lmr/bx/n on input line 35.
LaTeX Font Info:    Overwriting math alphabet `\mathsf' in version `bold'
(Font)                  OT1/cmss/bx/n --> OT1/lmss/bx/n on input line 36.
LaTeX Font Info:    Overwriting math alphabet `\mathit' in version `bold'
(Font)                  OT1/cmr/bx/it --> OT1/lmr/bx/it on input line 37.
LaTeX Font Info:    Overwriting math alphabet `\mathtt' in version `bold'
(Font)                  OT1/cmtt/m/n --> OT1/lmtt/m/n on input line 38.
) (/usr/share/texlive/texmf-dist/tex/generic/iftex/iftex.sty
Package: iftex 2019/11/07 v1.0c TeX engine tests
) (/usr/share/texlive/texmf-dist/tex/latex/base/fontenc.sty
Package: fontenc 2020/02/11 v2.0o Standard LaTeX package
LaTeX Font Info:    Trying to load font information for T1+lmr on input line 112.
 (/usr/share/texmf/tex/latex/lm/t1lmr.fd
File: t1lmr.fd 2009/10/30 v1.6 Font defs for Latin Modern
)) (/usr/share/texlive/texmf-dist/tex/latex/base/inputenc.sty
Package: inputenc 2018/08/11 v1.3c Input encoding file
\inpenc@prehook=\toks20
\inpenc@posthook=\toks21
) (/usr/share/texlive/texmf-dist/tex/latex/base/textcomp.sty
Package: textcomp 2020/02/02 v2.0n Standard LaTeX package
) (/usr/share/texlive/texmf-dist/tex/latex/upquote/upquote.sty
Package: upquote 2012/04/19 v1.3 upright-quote and grave-accent glyphs in verbatim
) (/usr/share/texlive/texmf-dist/tex/latex/microtype/microtype.sty
Package: microtype 2019/11/18 v2.7d Micro-typographical refinements (RS)
\MT@toks=\toks22
\MT@count=\count189
LaTeX Info: Redefining \textls on input line 790.
\MT@outer@kern=\dimen144
LaTeX Info: Redefining \textmicrotypecontext on input line 1354.
\MT@listname@count=\count190
 (/usr/share/texlive/texmf-dist/tex/latex/microtype/microtype-pdftex.def
File: microtype-pdftex.def 2019/11/18 v2.7d Definitions specific to pdftex (RS)
LaTeX Info: Redefining \lsstyle on input line 914.
LaTeX Info: Redefining \lslig on input line 914.
\MT@outer@space=\skip67
)
Package microtype Info: Loading configuration file microtype.cfg.
 (/usr/share/texlive/texmf-dist/tex/latex/microtype/microtype.cfg
File: microtype.cfg 2019/11/18 v2.7d microtype main configuration file (RS)
)) (/usr/share/texlive/texmf-dist/tex/latex/xcolor/xcolor.sty
Package: xcolor 2016/05/11 v2.12 LaTeX color extensions (UK)
 (/usr/share/texlive/texmf-dist/tex/latex/graphics-cfg/color.cfg
File: color.cfg 2016/01/02 v1.6 sample color configuration
)
Package xcolor Info: Driver file: pdftex.def on input line 225.
 (/usr/share/texlive/texmf-dist/tex/latex/graphics-def/pdftex.def
File: pdftex.def 2018/01/08 v1.0l Graphics/color driver for pdftex
)
Package xcolor Info: Model `cmy' substituted by `cmy0' on input line 1348.
Package xcolor Info: Model `hsb' substituted by `rgb' on input line 1352.
Package xcolor Info: Model `RGB' extended on input line 1364.
Package xcolor Info: Model `HTML' substituted by `rgb' on input line 1366.
Package xcolor Info: Model `Hsb' substituted by `hsb' on input line 1367.
Package xcolor Info: Model `tHsb' substituted by `hsb' on input line 1368.
Package xcolor Info: Model `HSB' substituted by `hsb' on input line 1369.
Package xcolor Info: Model `Gray' substituted by `gray' on input line 1370.
Package xcolor Info: Model `wave' substituted by `hsb' on input line 1371.
 (/usr/share/texlive/texmf-dist/tex/latex/graphics/dvipsnam.def
File: dvipsnam.def 2016/06/17 v3.0m Driver-dependent file (DPC,SPQR)
) (/usr/share/texlive/texmf-dist/tex/latex/xcolor/svgnam.def
File: svgnam.def 2016/05/11 v2.12 Predefined colors according to SVG 1.1 (UK)
) (/usr/share/texlive/texmf-dist/tex/latex/xcolor/x11nam.def
File: x11nam.def 2016/05/11 v2.12 Predefined colors according to Unix/X11 (UK)
)) (/usr/share/texlive/texmf-dist/tex/latex/xurl/xurl.sty
Package: xurl 2020/01/24 v 0.09 modify URL breaks
 (/usr/share/texlive/texmf-dist/tex/latex/url/url.sty
\Urlmuskip=\muskip17
Package: url 2013/09/16  ver 3.4  Verb mode for urls, etc.
)) (/usr/share/texlive/texmf-dist/tex/latex/bookmark/bookmark.sty
Package: bookmark 2019/12/03 v1.28 PDF bookmarks (HO)
 (/usr/share/texlive/texmf-dist/tex/latex/hyperref/hyperref.sty
Package: hyperref 2020/01/14 v7.00d Hypertext links for LaTeX
 (/usr/share/texlive/texmf-dist/tex/generic/ltxcmds/ltxcmds.sty
Package: ltxcmds 2019/12/15 v1.24 LaTeX kernel commands for general use (HO)
) (/usr/share/texlive/texmf-dist/tex/latex/pdftexcmds/pdftexcmds.sty
Package: pdftexcmds 2019/11/24 v0.31 Utility functions of pdfTeX for LuaTeX (HO)
 (/usr/share/texlive/texmf-dist/tex/generic/infwarerr/infwarerr.sty
Package: infwarerr 2019/12/03 v1.5 Providing info/warning/error messages (HO)
)
Package pdftexcmds Info: \pdf@primitive is available.
Package pdftexcmds Info: \pdf@ifprimitive is available.
Package pdftexcmds Info: \pdfdraftmode found.
) (/usr/share/texlive/texmf-dist/tex/generic/kvsetkeys/kvsetkeys.sty
Package: kvsetkeys 2019/12/15 v1.18 Key value parser (HO)
) (/usr/share/texlive/texmf-dist/tex/generic/kvdefinekeys/kvdefinekeys.sty
Package: kvdefinekeys 2019-12-19 v1.6 Define keys (HO)
) (/usr/share/texlive/texmf-dist/tex/generic/pdfescape/pdfescape.sty
Package: pdfescape 2019/12/09 v1.15 Implements pdfTeX's escape features (HO)
) (/usr/share/texlive/texmf-dist/tex/latex/hycolor/hycolor.sty
Package: hycolor 2020-01-27 v1.10 Color options for hyperref/bookmark (HO)
) (/usr/share/texlive/texmf-dist/tex/latex/letltxmacro/letltxmacro.sty
Package: letltxmacro 2019/12/03 v1.6 Let assignment for LaTeX macros (HO)
) (/usr/share/texlive/texmf-dist/tex/latex/auxhook/auxhook.sty
Package: auxhook 2019-12-17 v1.6 Hooks for auxiliary files (HO)
) (/usr/share/texlive/texmf-dist/tex/latex/kvoptions/kvoptions.sty
Package: kvoptions 2019/11/29 v3.13 Key value format for package options (HO)
)
\@linkdim=\dimen145
\Hy@linkcounter=\count191
\Hy@pagecounter=\count192
 (/usr/share/texlive/texmf-dist/tex/latex/hyperref/pd1enc.def
File: pd1enc.def 2020/01/14 v7.00d Hyperref: PDFDocEncoding definition (HO)
Now handling font encoding PD1 ...
... no UTF-8 mapping file for font encoding PD1
) (/usr/share/texlive/texmf-dist/tex/generic/intcalc/intcalc.sty
Package: intcalc 2019/12/15 v1.3 Expandable calculations with integers (HO)
) (/usr/share/texlive/texmf-dist/tex/generic/etexcmds/etexcmds.sty
Package: etexcmds 2019/12/15 v1.7 Avoid name clashes with e-TeX commands (HO)
)
\Hy@SavedSpaceFactor=\count193
\pdfmajorversion=\count194
Package hyperref Info: Option `unicode' set `true' on input line 4421.
 (/usr/share/texlive/texmf-dist/tex/latex/hyperref/puenc.def
File: puenc.def 2020/01/14 v7.00d Hyperref: PDF Unicode definition (HO)
Now handling font encoding PU ...
... no UTF-8 mapping file for font encoding PU
)
Package hyperref Info: Hyper figures OFF on input line 4547.
Package hyperref Info: Link nesting OFF on input line 4552.
Package hyperref Info: Hyper index ON on input line 4555.
Package hyperref Info: Plain pages OFF on input line 4562.
Package hyperref Info: Backreferencing OFF on input line 4567.
Package hyperref Info: Implicit mode ON; LaTeX internals redefined.
Package hyperref Info: Bookmarks ON on input line 4800.
\c@Hy@tempcnt=\count195
LaTeX Info: Redefining \url on input line 5159.
\XeTeXLinkMargin=\dimen146
 (/usr/share/texlive/texmf-dist/tex/generic/bitset/bitset.sty
Package: bitset 2019/12/09 v1.3 Handle bit-vector datatype (HO)
 (/usr/share/texlive/texmf-dist/tex/generic/bigintcalc/bigintcalc.sty
Package: bigintcalc 2019/12/15 v1.5 Expandable calculations on big integers (HO)
))
\Fld@menulength=\count196
\Field@Width=\dimen147
\Fld@charsize=\dimen148
Package hyperref Info: Hyper figures OFF on input line 6430.
Package hyperref Info: Link nesting OFF on input line 6435.
Package hyperref Info: Hyper index ON on input line 6438.
Package hyperref Info: backreferencing OFF on input line 6445.
Package hyperref Info: Link coloring OFF on input line 6450.
Package hyperref Info: Link coloring with OCG OFF on input line 6455.
Package hyperref Info: PDF/A mode OFF on input line 6460.
LaTeX Info: Redefining \ref on input line 6500.
LaTeX Info: Redefining \pageref on input line 6504.
 (/usr/share/texlive/texmf-dist/tex/generic/atbegshi/atbegshi.sty
Package: atbegshi 2019/12/05 v1.19 At begin shipout hook (HO)
)
\Hy@abspage=\count197
\c@Item=\count198
\c@Hfootnote=\count199
)
Package hyperref Info: Driver (autodetected): hpdftex.
 (/usr/share/texlive/texmf-dist/tex/latex/hyperref/hpdftex.def
File: hpdftex.def 2020/01/14 v7.00d Hyperref driver for pdfTeX
 (/usr/share/texlive/texmf-dist/tex/latex/atveryend/atveryend.sty
Package: atveryend 2019-12-11 v1.11 Hooks at the very end of document (HO)
Package atveryend Info: \enddocument detected (standard20110627).
)
\Fld@listcount=\count266
\c@bookmark@seq@number=\count267
 (/usr/share/texlive/texmf-dist/tex/latex/rerunfilecheck/rerunfilecheck.sty
Package: rerunfilecheck 2019/12/05 v1.9 Rerun checks for auxiliary files (HO)
 (/usr/share/texlive/texmf-dist/tex/generic/uniquecounter/uniquecounter.sty
Package: uniquecounter 2019/12/15 v1.4 Provide unlimited unique counter (HO)
)
Package uniquecounter Info: New unique counter `rerunfilecheck' on input line 286.
)
\Hy@SectionHShift=\skip68
) (/usr/share/texlive/texmf-dist/tex/latex/bookmark/bkm-pdftex.def
File: bkm-pdftex.def 2019/12/03 v1.28 bookmark driver for pdfTeX (HO)
\BKM@id=\count268
))
Package hyperref Info: Option `colorlinks' set `true' on input line 47.
 (/usr/share/texlive/texmf-dist/tex/latex/tools/longtable.sty
Package: longtable 2020/01/07 v4.13 Multi-page Table package (DPC)
\LTleft=\skip69
\LTright=\skip70
\LTpre=\skip71
\LTpost=\skip72
\LTchunksize=\count269
\LTcapwidth=\dimen149
\LT@head=\box49
\LT@firsthead=\box50
\LT@foot=\box51
\LT@lastfoot=\box52
\LT@cols=\count270
\LT@rows=\count271
\c@LT@tables=\count272
\c@LT@chunks=\count273
\LT@p@ftn=\toks23
)
Class scrbook Info: longtable captions redefined on input line 50.
 (/usr/share/texlive/texmf-dist/tex/latex/booktabs/booktabs.sty
Package: booktabs 2020/01/12 v1.61803398 Publication quality tables
\heavyrulewidth=\dimen150
\lightrulewidth=\dimen151
\cmidrulewidth=\dimen152
\belowrulesep=\dimen153
\belowbottomsep=\dimen154
\aboverulesep=\dimen155
\abovetopsep=\dimen156
\cmidrulesep=\dimen157
\cmidrulekern=\dimen158
\defaultaddspace=\dimen159
\@cmidla=\count274
\@cmidlb=\count275
\@aboverulesep=\dimen160
\@belowrulesep=\dimen161
\@thisruleclass=\count276
\@lastruleclass=\count277
\@thisrulewidth=\dimen162
) (/usr/share/texlive/texmf-dist/tex/latex/tools/array.sty
Package: array 2019/08/31 v2.4l Tabular extension package (FMi)
\col@sep=\dimen163
\ar@mcellbox=\box53
\extrarowheight=\dimen164
\NC@list=\toks24
\extratabsurround=\skip73
\backup@length=\skip74
\ar@cellbox=\box54
) (/usr/share/texlive/texmf-dist/tex/latex/tools/calc.sty
Package: calc 2017/05/25 v4.3 Infix arithmetic (KKT,FJ)
\calc@Acount=\count278
\calc@Bcount=\count279
\calc@Adimen=\dimen165
\calc@Bdimen=\dimen166
\calc@Askip=\skip75
\calc@Bskip=\skip76
LaTeX Info: Redefining \setlength on input line 80.
LaTeX Info: Redefining \addtolength on input line 81.
\calc@Ccount=\count280
\calc@Cskip=\skip77
) (/usr/share/texlive/texmf-dist/tex/latex/etoolbox/etoolbox.sty
Package: etoolbox 2019/09/21 v2.5h e-TeX tools for LaTeX (JAW)
\etb@tempcnta=\count281
) (/usr/share/texlive/texmf-dist/tex/latex/footnotehyper/footnotehyper.sty
Package: footnotehyper 2019/11/07 v1.1a hyperref aware footnote.sty (JFB)
\FNH@notes=\box55
\FNH@width=\dimen167
) (/usr/share/texlive/texmf-dist/tex/latex/graphics/graphicx.sty
Package: graphicx 2019/11/30 v1.2a Enhanced LaTeX Graphics (DPC,SPQR)
 (/usr/share/texlive/texmf-dist/tex/latex/graphics/graphics.sty
Package: graphics 2019/11/30 v1.4a Standard LaTeX Graphics (DPC,SPQR)
 (/usr/share/texlive/texmf-dist/tex/latex/graphics/trig.sty
Package: trig 2016/01/03 v1.10 sin cos tan (DPC)
) (/usr/share/texlive/texmf-dist/tex/latex/graphics-cfg/graphics.cfg
File: graphics.cfg 2016/06/04 v1.11 sample graphics configuration
)
Package graphics Info: Driver file: pdftex.def on input line 105.
)
\Gin@req@height=\dimen168
\Gin@req@width=\dimen169
)
\cslhangindent=\skip78
\csllabelwidth=\skip79
\cslentryspacingunit=\skip80
 (/usr/share/texlive/texmf-dist/tex/latex/cleveref/cleveref.sty
Package: cleveref 2018/03/27 v0.21.4 Intelligent cross-referencing
Package cleveref Info: `hyperref' support loaded on input line 2370.
LaTeX Info: Redefining \cref on input line 2370.
LaTeX Info: Redefining \Cref on input line 2370.
LaTeX Info: Redefining \crefrange on input line 2370.
LaTeX Info: Redefining \Crefrange on input line 2370.
LaTeX Info: Redefining \cpageref on input line 2370.
LaTeX Info: Redefining \Cpageref on input line 2370.
LaTeX Info: Redefining \cpagerefrange on input line 2370.
LaTeX Info: Redefining \Cpagerefrange on input line 2370.
LaTeX Info: Redefining \labelcref on input line 2370.
LaTeX Info: Redefining \labelcpageref on input line 2370.
) (/usr/share/texlive/texmf-dist/tex/latex/listings/listings.sty
\lst@mode=\count282
\lst@gtempboxa=\box56
\lst@token=\toks25
\lst@length=\count283
\lst@currlwidth=\dimen170
\lst@column=\count284
\lst@pos=\count285
\lst@lostspace=\dimen171
\lst@width=\dimen172
\lst@newlines=\count286
\lst@lineno=\count287
\lst@maxwidth=\dimen173
 (/usr/share/texlive/texmf-dist/tex/latex/listings/lstmisc.sty
File: lstmisc.sty 2019/09/10 1.8c (Carsten Heinz)
\c@lstnumber=\count288
\lst@skipnumbers=\count289
\lst@framebox=\box57
) (/usr/share/texlive/texmf-dist/tex/latex/listings/listings.cfg
File: listings.cfg 2019/09/10 1.8c listings configuration
))
Package: listings 2019/09/10 1.8c (Carsten Heinz)
 (/usr/share/texlive/texmf-dist/tex/latex/caption/caption.sty
Package: caption 2020/01/03 v3.4h Customizing captions (AR)
 (/usr/share/texlive/texmf-dist/tex/latex/caption/caption3.sty
Package: caption3 2020/01/03 v1.8h caption3 kernel (AR)
Package caption3 Info: TeX engine: e-TeX on input line 61.
\captionmargin=\dimen174
\captionmargin@=\dimen175
\captionwidth=\dimen176
\caption@tempdima=\dimen177
\caption@indent=\dimen178
\caption@parindent=\dimen179
\caption@hangindent=\dimen180
Package caption Info: KOMA-Script document class detected.
)
Package caption Info: KOMA-Script document class.
\c@caption@flags=\count290
\c@continuedfloat=\count291
Package caption Info: hyperref package is loaded.
Package caption Info: listings package is loaded.
Package caption Info: longtable package is loaded.
 (/usr/share/texlive/texmf-dist/tex/latex/caption/ltcaption.sty
Package: ltcaption 2018/08/26 v1.4a longtable captions (AR)
))
\c@tableno=\count292
 (/usr/share/texlive/texmf-dist/tex/latex/l3backend/l3backend-pdfmode.def
File: l3backend-pdfmode.def 2020-02-03 L3 backend support: PDF mode
\l__kernel_color_stack_int=\count293
\l__pdf_internal_box=\box58
) (/home/jet08013/GitHub/BookFun/chapters/build.aux)
\openout1 = `build.aux'.

LaTeX Font Info:    Checking defaults for OML/cmm/m/it on input line 137.
LaTeX Font Info:    ... okay on input line 137.
LaTeX Font Info:    Checking defaults for OMS/cmsy/m/n on input line 137.
LaTeX Font Info:    ... okay on input line 137.
LaTeX Font Info:    Checking defaults for OT1/cmr/m/n on input line 137.
LaTeX Font Info:    ... okay on input line 137.
LaTeX Font Info:    Checking defaults for T1/cmr/m/n on input line 137.
LaTeX Font Info:    ... okay on input line 137.
LaTeX Font Info:    Checking defaults for TS1/cmr/m/n on input line 137.
LaTeX Font Info:    ... okay on input line 137.
LaTeX Font Info:    Checking defaults for OMX/cmex/m/n on input line 137.
LaTeX Font Info:    ... okay on input line 137.
LaTeX Font Info:    Checking defaults for U/cmr/m/n on input line 137.
LaTeX Font Info:    ... okay on input line 137.
LaTeX Font Info:    Checking defaults for PD1/pdf/m/n on input line 137.
LaTeX Font Info:    ... okay on input line 137.
LaTeX Font Info:    Checking defaults for PU/pdf/m/n on input line 137.
LaTeX Font Info:    ... okay on input line 137.
Package scrbase Info: activating english \contentsname on input line 137.
Package scrbase Info: activating english \listfigurename on input line 137.
Package scrbase Info: activating english \listtablename on input line 137.
LaTeX Info: Redefining \microtypecontext on input line 137.
Package microtype Info: Generating PDF output.
Package microtype Info: Character protrusion enabled (level 2).
Package microtype Info: Using protrusion set `basicmath'.
Package microtype Info: Automatic font expansion enabled (level 2),
(microtype)             stretch: 20, shrink: 20, step: 1, non-selected.
Package microtype Info: Using default expansion set `basictext'.
LaTeX Info: Redefining \showhyphens on input line 137.
Package microtype Info: No adjustment of tracking.
Package microtype Info: No adjustment of interword spacing.
Package microtype Info: No adjustment of character kerning.
 (/usr/share/texlive/texmf-dist/tex/latex/microtype/mt-cmr.cfg
File: mt-cmr.cfg 2013/05/19 v2.2 microtype config. file: Computer Modern Roman (RS)
) (/usr/share/texlive/texmf-dist/tex/context/base/mkii/supp-pdf.mkii
[Loading MPS to PDF converter (version 2006.09.02).]
\scratchcounter=\count294
\scratchdimen=\dimen181
\scratchbox=\box59
\nofMPsegments=\count295
\nofMParguments=\count296
\everyMPshowfont=\toks26
\MPscratchCnt=\count297
\MPscratchDim=\dimen182
\MPnumerator=\count298
\makeMPintoPDFobject=\count299
\everyMPtoPDFconversion=\toks27
) (/usr/share/texlive/texmf-dist/tex/latex/epstopdf-pkg/epstopdf-base.sty
Package: epstopdf-base 2020-01-24 v2.11 Base part for package epstopdf
Package epstopdf-base Info: Redefining graphics rule for `.eps' on input line 485.
 (/usr/share/texlive/texmf-dist/tex/latex/latexconfig/epstopdf-sys.cfg
File: epstopdf-sys.cfg 2010/07/13 v1.3 Configuration of (r)epstopdf for TeX Live
))
\AtBeginShipoutBox=\box60
Package hyperref Info: Link coloring ON on input line 137.
 (/usr/share/texlive/texmf-dist/tex/latex/hyperref/nameref.sty
Package: nameref 2019/09/16 v2.46 Cross-referencing by name of section
 (/usr/share/texlive/texmf-dist/tex/latex/refcount/refcount.sty
Package: refcount 2019/12/15 v3.6 Data extraction from label references (HO)
) (/usr/share/texlive/texmf-dist/tex/generic/gettitlestring/gettitlestring.sty
Package: gettitlestring 2019/12/15 v1.6 Cleanup title references (HO)
)
\c@section@level=\count300
)
LaTeX Info: Redefining \ref on input line 137.
LaTeX Info: Redefining \pageref on input line 137.
LaTeX Info: Redefining \nameref on input line 137.


Package footnotehyper Warning: 
 The footnote environment will not be fully functional, sorry.
 You may try to email the author this meaning of \@makefntext:
 \long macro:->\cref@constructprefix {footnote}{\cref@result }\protected@edef \cref@currentlabel {[footnote][\arabic {footnote}][\cref@result ]\p@footnote \@thefnmark }\cref@old@makefntext 
 together with the used preamble.

\c@lstlisting=\count301
Package caption Info: Begin \AtBeginDocument code.
Package caption Info: End \AtBeginDocument code.
LaTeX Font Info:    Trying to load font information for T1+lmss on input line 140.
(/usr/share/texmf/tex/latex/lm/t1lmss.fd
File: t1lmss.fd 2009/10/30 v1.6 Font defs for Latin Modern
)
Package microtype Info: Loading generic protrusion settings for font family
(microtype)             `lmss' (encoding: T1).
(microtype)             For optimal results, create family-specific settings.
(microtype)             See the microtype manual for details.
LaTeX Font Info:    Trying to load font information for OT1+lmr on input line 140.
 (/usr/share/texmf/tex/latex/lm/ot1lmr.fd
File: ot1lmr.fd 2009/10/30 v1.6 Font defs for Latin Modern
)
LaTeX Font Info:    Trying to load font information for OML+lmm on input line 140.
 (/usr/share/texmf/tex/latex/lm/omllmm.fd
File: omllmm.fd 2009/10/30 v1.6 Font defs for Latin Modern
)
LaTeX Font Info:    Trying to load font information for OMS+lmsy on input line 140.
 (/usr/share/texmf/tex/latex/lm/omslmsy.fd
File: omslmsy.fd 2009/10/30 v1.6 Font defs for Latin Modern
)
LaTeX Font Info:    Trying to load font information for OMX+lmex on input line 140.
 (/usr/share/texmf/tex/latex/lm/omxlmex.fd
File: omxlmex.fd 2009/10/30 v1.6 Font defs for Latin Modern
)
LaTeX Font Info:    External font `lmex10' loaded for size
(Font)              <14.4> on input line 140.
LaTeX Font Info:    External font `lmex10' loaded for size
(Font)              <10> on input line 140.
LaTeX Font Info:    External font `lmex10' loaded for size
(Font)              <7> on input line 140.
LaTeX Font Info:    Trying to load font information for U+msa on input line 140.
 (/usr/share/texlive/texmf-dist/tex/latex/amsfonts/umsa.fd
File: umsa.fd 2013/01/14 v3.01 AMS symbols A
) (/usr/share/texlive/texmf-dist/tex/latex/microtype/mt-msa.cfg
File: mt-msa.cfg 2006/02/04 v1.1 microtype config. file: AMS symbols (a) (RS)
)
LaTeX Font Info:    Trying to load font information for U+msb on input line 140.
 (/usr/share/texlive/texmf-dist/tex/latex/amsfonts/umsb.fd
File: umsb.fd 2013/01/14 v3.01 AMS symbols B
) (/usr/share/texlive/texmf-dist/tex/latex/microtype/mt-msb.cfg
File: mt-msb.cfg 2005/06/01 v1.0 microtype config. file: AMS symbols (b) (RS)
) [1




{/var/lib/texmf/fonts/map/pdftex/updmap/pdftex.map}]
LaTeX Font Info:    Trying to load font information for TS1+lmr on input line 143.
 (/usr/share/texmf/tex/latex/lm/ts1lmr.fd
File: ts1lmr.fd 2009/10/30 v1.6 Font defs for Latin Modern
) [2]
Package tocbasic Info: character protrusion at toc deactivated on input line 150.
\tf@toc=\write3
\openout3 = `build.toc'.

 [3


]
chapter 1.

Class scrbook Warning: \float@addtolists detected!
(scrbook)              Implementation of \float@addtolist became
(scrbook)              deprecated in KOMA-Script v3.01 2008/11/14 and
(scrbook)              has been replaced by several more flexible
(scrbook)              features of package `tocbasic`.
(scrbook)              Since Version 3.12 support for deprecated
(scrbook)              \float@addtolist interface has been
(scrbook)              restricted to only some of the KOMA-Script
(scrbook)              features and been removed from others.
(scrbook)              Loading of package `scrhack' may help to
(scrbook)              avoid this warning, if you are using a
(scrbook)              a package that still implements the
(scrbook)              deprecated \float@addtolist interface .

LaTeX Font Info:    External font `lmex10' loaded for size
(Font)              <10.95> on input line 159.
LaTeX Font Info:    External font `lmex10' loaded for size
(Font)              <8> on input line 159.
LaTeX Font Info:    External font `lmex10' loaded for size
(Font)              <6> on input line 159.

LaTeX Warning: Reference `fig:dvt' on page 1 undefined on input line 173.


LaTeX Warning: File `img/distance-vs-time.png' not found on input line 182.


/home/jet08013/GitHub/BookFun/chapters/build.tex:182: Package pdftex.def Error: File `img/distance-vs-time.png' not found: using draft setting.

See the pdftex.def package documentation for explanation.
Type  H <return>  for immediate help.
 ...                                              
                                                  
l.182 }
       
Try typing  <return>  to proceed.
If that doesn't work, type  X <return>  to quit.

LaTeX Font Info:    Trying to load font information for T1+lmtt on input line 182.
(/usr/share/texmf/tex/latex/lm/t1lmtt.fd
File: t1lmtt.fd 2009/10/30 v1.6 Font defs for Latin Modern
)

LaTeX Warning: Reference `fig:mpg-vs-displacement' on page 1 undefined on input line 186.

[1



]

LaTeX Warning: File `img/mpg-vs-displacement.png' not found on input line 199.


/home/jet08013/GitHub/BookFun/chapters/build.tex:199: Package pdftex.def Error: File `img/mpg-vs-displacement.png' not found: using draft setting.

See the pdftex.def package documentation for explanation.
Type  H <return>  for immediate help.
 ...                                              
                                                  
l.199 }
       
Try typing  <return>  to proceed.
If that doesn't work, type  X <return>  to quit.

[2]

LaTeX Warning: Reference `eq:LSAnswer' on page 1 undefined on input line 257.


LaTeX Warning: Reference `eq:LS' on page 1 undefined on input line 258.

[3]

LaTeX Warning: Reference `sec:Calculus' on page 1 undefined on input line 285.


LaTeX Warning: File `img/distance-to-plane.png' not found on input line 293.


/home/jet08013/GitHub/BookFun/chapters/build.tex:293: Package pdftex.def Error: File `img/distance-to-plane.png' not found: using draft setting.

See the pdftex.def package documentation for explanation.
Type  H <return>  for immediate help.
 ...                                              
                                                  
l.293 }
       
Try typing  <return>  to proceed.
If that doesn't work, type  X <return>  to quit.

[4]

LaTeX Warning: Reference `fig:perp' on page 1 undefined on input line 319.


LaTeX Warning: Reference `eq:LSAnswer' on page 1 undefined on input line 339.


LaTeX Warning: Reference `eq:LSAnswer' on page 1 undefined on input line 348.


LaTeX Warning: Reference `eq:LSAnswer2' on page 1 undefined on input line 348.

[5] [6]

LaTeX Warning: Reference `eq:multivariate' on page 1 undefined on input line 420.

[7]

LaTeX Warning: Reference `sec:centered' on page 8 undefined on input line 465.

[8]

LaTeX Warning: Reference `eq:gradient' on page 1 undefined on input line 520.

[9]

LaTeX Warning: Reference `eq:projection' on page 1 undefined on input line 562.

[10] [11]

LaTeX Warning: Reference `eq:Msolution' on page 1 undefined on input line 681.

[12]

LaTeX Warning: Reference `eq:Msolution' on page 1 undefined on input line 705.


LaTeX Warning: Reference `eq:projection' on page 1 undefined on input line 705.

[13]

LaTeX Warning: Reference `fig:simpsons' on page 1 undefined on input line 772.


LaTeX Warning: File `img/SimpsonsEffect.png' not found on input line 779.


/home/jet08013/GitHub/BookFun/chapters/build.tex:779: Package pdftex.def Error: File `img/SimpsonsEffect.png' not found: using draft setting.

See the pdftex.def package documentation for explanation.
Type  H <return>  for immediate help.
 ...                                              
                                                  
l.779 }
       
Try typing  <return>  to proceed.
If that doesn't work, type  X <return>  to quit.

[14] [15]
chapter 2.
[16


] [17]

LaTeX Warning: Reference `eq:rxy' on page 1 undefined on input line 938.


LaTeX Warning: Reference `fig:corrfig' on page 1 undefined on input line 944.


LaTeX Warning: File `img/correlation.png' not found on input line 952.


/home/jet08013/GitHub/BookFun/chapters/build.tex:952: Package pdftex.def Error: File `img/correlation.png' not found: using draft setting.

See the pdftex.def package documentation for explanation.
Type  H <return>  for immediate help.
 ...                                              
                                                  
l.952 }
       
Try typing  <return>  to proceed.
If that doesn't work, type  X <return>  to quit.

[18]

Package longtable Warning: Column widths have changed
(longtable)                in table tableno:1 on input line 983.


Overfull \vbox (151.4285pt too high) has occurred while \output is active []

 [19]

LaTeX Warning: Reference `fig:density0' on page 1 undefined on input line 1037.


LaTeX Warning: File `img/density2x2.png' not found on input line 1048.


/home/jet08013/GitHub/BookFun/chapters/build.tex:1048: Package pdftex.def Error: File `img/density2x2.png' not found: using draft setting.

See the pdftex.def package documentation for explanation.
Type  H <return>  for immediate help.
 ...                                              
                                                  
l.1048 }
        
Try typing  <return>  to proceed.
If that doesn't work, type  X <return>  to quit.

[20] [21]

LaTeX Warning: Reference `eq:variancedot' on page 22 undefined on input line 1124.


LaTeX Warning: Reference `eq:linearscore' on page 1 undefined on input line 1128.


LaTeX Warning: Reference `eq:variancedot' on page 1 undefined on input line 1140.


LaTeX Warning: Reference `eq:linearscore' on page 22 undefined on input line 1140.


LaTeX Warning: Reference `eq:covariancedot' on page 1 undefined on input line 1150.


LaTeX Warning: Reference `eq:linearscore' on page 1 undefined on input line 1151.


LaTeX Warning: Reference `sec:visualizecovar' on page 1 undefined on input line 1167.


LaTeX Warning: Reference `fig:pcasimfig' on page 1 undefined on input line 1168.

[22]

LaTeX Warning: File `img/PCAsimulated-1.png' not found on input line 1185.


/home/jet08013/GitHub/BookFun/chapters/build.tex:1185: Package pdftex.def Error: File `img/PCAsimulated-1.png' not found: using draft setting.

See the pdftex.def package documentation for explanation.
Type  H <return>  for immediate help.
 ...                                              
                                                  
l.1185 }
        
Try typing  <return>  to proceed.
If that doesn't work, type  X <return>  to quit.


LaTeX Warning: Reference `fig:pcasimfig-1' on page 1 undefined on input line 1192.


LaTeX Warning: File `img/PCAsimulated-2.png' not found on input line 1199.


/home/jet08013/GitHub/BookFun/chapters/build.tex:1199: Package pdftex.def Error: File `img/PCAsimulated-2.png' not found: using draft setting.

See the pdftex.def package documentation for explanation.
Type  H <return>  for immediate help.
 ...                                              
                                                  
l.1199 }
        
Try typing  <return>  to proceed.
If that doesn't work, type  X <return>  to quit.


LaTeX Warning: Reference `fig:pcasimfig-2' on page 1 undefined on input line 1203.


LaTeX Warning: File `img/PCAsimulated-3.png' not found on input line 1210.


/home/jet08013/GitHub/BookFun/chapters/build.tex:1210: Package pdftex.def Error: File `img/PCAsimulated-3.png' not found: using draft setting.

See the pdftex.def package documentation for explanation.
Type  H <return>  for immediate help.
 ...                                              
                                                  
l.1210 }
        
Try typing  <return>  to proceed.
If that doesn't work, type  X <return>  to quit.

[23] [24]

LaTeX Warning: File `img/PCAsimulated-4.png' not found on input line 1230.


/home/jet08013/GitHub/BookFun/chapters/build.tex:1230: Package pdftex.def Error: File `img/PCAsimulated-4.png' not found: using draft setting.

See the pdftex.def package documentation for explanation.
Type  H <return>  for immediate help.
 ...                                              
                                                  
l.1230 }
        
Try typing  <return>  to proceed.
If that doesn't work, type  X <return>  to quit.

[25]

LaTeX Warning: Reference `fig:pcatheta' on page 1 undefined on input line 1278.


LaTeX Warning: File `img/PCAtheta.png' not found on input line 1288.


/home/jet08013/GitHub/BookFun/chapters/build.tex:1288: Package pdftex.def Error: File `img/PCAtheta.png' not found: using draft setting.

See the pdftex.def package documentation for explanation.
Type  H <return>  for immediate help.
 ...                                              
                                                  
l.1288 }
        
Try typing  <return>  to proceed.
If that doesn't work, type  X <return>  to quit.


LaTeX Warning: Reference `fig:pcaprincipal' on page 1 undefined on input line 1292.


LaTeX Warning: File `img/PCAprincipal.png' not found on input line 1299.


/home/jet08013/GitHub/BookFun/chapters/build.tex:1299: Package pdftex.def Error: File `img/PCAprincipal.png' not found: using draft setting.

See the pdftex.def package documentation for explanation.
Type  H <return>  for immediate help.
 ...                                              
                                                  
l.1299 }
        
Try typing  <return>  to proceed.
If that doesn't work, type  X <return>  to quit.

[26] [27] [28]

LaTeX Warning: Reference `eq:lagrange' on page 1 undefined on input line 1430.

[29]

LaTeX Warning: Reference `sec:spectraltheorem' on page 1 undefined on input line 1457.


LaTeX Warning: Reference `tbl:symmmat' on page 1 undefined on input line 1497.

[30]

LaTeX Warning: Reference `sec:extremalvariance' on page 1 undefined on input line 1552.

[31]

LaTeX Warning: Reference `sec:gsprocess' on page 1 undefined on input line 1564.

[32]

LaTeX Warning: Reference `fig:pcaprincipal' on page 1 undefined on input line 1671.

[33]

LaTeX Warning: Reference `eq:variance' on page 1 undefined on input line 1700.


LaTeX Warning: Reference `sec:covarmat' on page 34 undefined on input line 1703.


LaTeX Warning: Reference `eq:linearscore' on page 1 undefined on input line 1708.

[34]

LaTeX Warning: Reference `tbl:symmmat' on page 1 undefined on input line 1734.


LaTeX Warning: Reference `sec:spectraltheorem' on page 1 undefined on input line 1735.


LaTeX Warning: Reference `tbl:rawdata' on page 1 undefined on input line 1751.


Package longtable Warning: Column widths have changed
(longtable)                in table 2.2 on input line 1776.


LaTeX Warning: Reference `fig:features' on page 1 undefined on input line 1780.


LaTeX Warning: File `img/features.png' not found on input line 1788.


/home/jet08013/GitHub/BookFun/chapters/build.tex:1788: Package pdftex.def Error: File `img/features.png' not found: using draft setting.

See the pdftex.def package documentation for explanation.
Type  H <return>  for immediate help.
 ...                                              
                                                  
l.1788 }
        
Try typing  <return>  to proceed.
If that doesn't work, type  X <return>  to quit.


LaTeX Warning: Reference `fig:features' on page 1 undefined on input line 1791.


LaTeX Warning: Reference `fig:densitygrid' on page 1 undefined on input line 1796.


LaTeX Warning: File `img/density.png' not found on input line 1807.


/home/jet08013/GitHub/BookFun/chapters/build.tex:1807: Package pdftex.def Error: File `img/density.png' not found: using draft setting.

See the pdftex.def package documentation for explanation.
Type  H <return>  for immediate help.
 ...                                              
                                                  
l.1807 }
        
Try typing  <return>  to proceed.
If that doesn't work, type  X <return>  to quit.


LaTeX Warning: Reference `fig:eigenvalues' on page 1 undefined on input line 1814.


LaTeX Warning: File `img/eigenvalues.png' not found on input line 1821.


/home/jet08013/GitHub/BookFun/chapters/build.tex:1821: Package pdftex.def Error: File `img/eigenvalues.png' not found: using draft setting.

See the pdftex.def package documentation for explanation.
Type  H <return>  for immediate help.
 ...                                              
                                                  
l.1821 }
        
Try typing  <return>  to proceed.
If that doesn't work, type  X <return>  to quit.

[35] [36]

LaTeX Warning: Reference `fig:principalvalues' on page 1 undefined on input line 1841.


LaTeX Warning: File `img/pcadimred.png' not found on input line 1849.


/home/jet08013/GitHub/BookFun/chapters/build.tex:1849: Package pdftex.def Error: File `img/pcadimred.png' not found: using draft setting.

See the pdftex.def package documentation for explanation.
Type  H <return>  for immediate help.
 ...                                              
                                                  
l.1849 }
        
Try typing  <return>  to proceed.
If that doesn't work, type  X <return>  to quit.


LaTeX Warning: Reference `fig:principalvalues' on page 1 undefined on input line 1866.

[37]

LaTeX Warning: Reference `fig:loadings' on page 1 undefined on input line 1895.

[38]

LaTeX Warning: File `img/loading.png' not found on input line 1909.


/home/jet08013/GitHub/BookFun/chapters/build.tex:1909: Package pdftex.def Error: File `img/loading.png' not found: using draft setting.

See the pdftex.def package documentation for explanation.
Type  H <return>  for immediate help.
 ...                                              
                                                  
l.1909 }
        
Try typing  <return>  to proceed.
If that doesn't work, type  X <return>  to quit.


LaTeX Warning: Reference `tbl:symmmat' on page 1 undefined on input line 1914.

[39]

LaTeX Warning: Reference `sec:subspaces' on page 1 undefined on input line 1975.


LaTeX Warning: Reference `tbl:symmmat' on page 1 undefined on input line 1984.

[40] [41] [42]

LaTeX Warning: Reference `sec:svd' on page 1 undefined on input line 2168.

[43]

LaTeX Warning: Reference `sec:gsprocess' on page 1 undefined on input line 2171.

[44]
chapter 3.
[45


]

Package longtable Warning: Column widths have changed
(longtable)                in table tableno:2 on input line 2277.

[46]

LaTeX Warning: Reference `fig:density' on page 1 undefined on input line 2322.


LaTeX Warning: File `img/density.png' not found on input line 2329.


/home/jet08013/GitHub/BookFun/chapters/build.tex:2329: Package pdftex.def Error: File `img/density.png' not found: using draft setting.

See the pdftex.def package documentation for explanation.
Type  H <return>  for immediate help.
 ...                                              
                                                  
l.2329 }
        
Try typing  <return>  to proceed.
If that doesn't work, type  X <return>  to quit.

[47] [48]

LaTeX Warning: Reference `fig:covidfn' on page 1 undefined on input line 2430.

[49]

LaTeX Warning: File `img/covidfn.png' not found on input line 2451.


/home/jet08013/GitHub/BookFun/chapters/build.tex:2451: Package pdftex.def Error: File `img/covidfn.png' not found: using draft setting.

See the pdftex.def package documentation for explanation.
Type  H <return>  for immediate help.
 ...                                              
                                                  
l.2451 }
        
Try typing  <return>  to proceed.
If that doesn't work, type  X <return>  to quit.

[50] [51]

LaTeX Warning: Reference `eq:normal' on page 1 undefined on input line 2558.

[52]

LaTeX Warning: Reference `fig:multivariate' on page 1 undefined on input line 2588.


LaTeX Warning: File `img/ellipse.png' not found on input line 2596.


/home/jet08013/GitHub/BookFun/chapters/build.tex:2596: Package pdftex.def Error: File `img/ellipse.png' not found: using draft setting.

See the pdftex.def package documentation for explanation.
Type  H <return>  for immediate help.
 ...                                              
                                                  
l.2596 }
        
Try typing  <return>  to proceed.
If that doesn't work, type  X <return>  to quit.

[53] [54]

LaTeX Warning: Reference `fig:maxwell' on page 1 undefined on input line 2703.


LaTeX Warning: File `img/maxwell.png' not found on input line 2711.


/home/jet08013/GitHub/BookFun/chapters/build.tex:2711: Package pdftex.def Error: File `img/maxwell.png' not found: using draft setting.

See the pdftex.def package documentation for explanation.
Type  H <return>  for immediate help.
 ...                                              
                                                  
l.2711 }
        
Try typing  <return>  to proceed.
If that doesn't work, type  X <return>  to quit.

[55] [56] [57] [58]

LaTeX Warning: Reference `eq:binomial' on page 1 undefined on input line 2898.

[59]

LaTeX Warning: Reference `fig:beta' on page 1 undefined on input line 2902.


LaTeX Warning: File `img/beta.png' not found on input line 2915.


/home/jet08013/GitHub/BookFun/chapters/build.tex:2915: Package pdftex.def Error: File `img/beta.png' not found: using draft setting.

See the pdftex.def package documentation for explanation.
Type  H <return>  for immediate help.
 ...                                              
                                                  
l.2915 }
        
Try typing  <return>  to proceed.
If that doesn't work, type  X <return>  to quit.


LaTeX Warning: Reference `eq:multivariategaussian' on page 1 undefined on input line 2927.

[60] [61]

LaTeX Warning: Reference `fig:tempprior' on page 1 undefined on input line 3008.


LaTeX Warning: File `img/prior.png' not found on input line 3015.


/home/jet08013/GitHub/BookFun/chapters/build.tex:3015: Package pdftex.def Error: File `img/prior.png' not found: using draft setting.

See the pdftex.def package documentation for explanation.
Type  H <return>  for immediate help.
 ...                                              
                                                  
l.3015 }
        
Try typing  <return>  to proceed.
If that doesn't work, type  X <return>  to quit.


LaTeX Warning: Reference `fig:uniformprior' on page 1 undefined on input line 3020.


LaTeX Warning: File `img/uniform.png' not found on input line 3027.


/home/jet08013/GitHub/BookFun/chapters/build.tex:3027: Package pdftex.def Error: File `img/uniform.png' not found: using draft setting.

See the pdftex.def package documentation for explanation.
Type  H <return>  for immediate help.
 ...                                              
                                                  
l.3027 }
        
Try typing  <return>  to proceed.
If that doesn't work, type  X <return>  to quit.

[62]

LaTeX Warning: Reference `fig:tempprior' on page 1 undefined on input line 3086.

[63]

LaTeX Warning: Reference `fig:comparison' on page 1 undefined on input line 3151.

[64]

LaTeX Warning: File `img/priorposterior.png' not found on input line 3187.


/home/jet08013/GitHub/BookFun/chapters/build.tex:3187: Package pdftex.def Error: File `img/priorposterior.png' not found: using draft setting.

See the pdftex.def package documentation for explanation.
Type  H <return>  for immediate help.
 ...                                              
                                                  
l.3187 }
        
Try typing  <return>  to proceed.
If that doesn't work, type  X <return>  to quit.

[65]

LaTeX Warning: Reference `sec:mlcoin' on page 1 undefined on input line 3214.

[66]

LaTeX Warning: Reference `fig:betaprior' on page 1 undefined on input line 3257.


LaTeX Warning: File `img/betaprior.png' not found on input line 3264.


/home/jet08013/GitHub/BookFun/chapters/build.tex:3264: Package pdftex.def Error: File `img/betaprior.png' not found: using draft setting.

See the pdftex.def package documentation for explanation.
Type  H <return>  for immediate help.
 ...                                              
                                                  
l.3264 }
        
Try typing  <return>  to proceed.
If that doesn't work, type  X <return>  to quit.

[67] [68]
chapter 4.
[69


]

LaTeX Warning: Reference `tbl:great' on page 1 undefined on input line 3375.

[70]

Package longtable Warning: Column widths have changed
(longtable)                in table 4.1 on input line 3394.


LaTeX Warning: Reference `tbl:waste' on page 1 undefined on input line 3431.


Package longtable Warning: Column widths have changed
(longtable)                in table 4.2 on input line 3448.

[71]

LaTeX Warning: Reference `tbl:great' on page 1 undefined on input line 3493.


LaTeX Warning: Reference `tbl:waste' on page 1 undefined on input line 3494.

[72] [73]

LaTeX Warning: Reference `eq:loglikelihood' on page 1 undefined on input line 3606.

[74]

LaTeX Warning: Reference `eq:matrixlikelihood' on page 1 undefined on input line 3617.

[75] [76]

LaTeX Warning: Reference `fig:mnist0' on page 1 undefined on input line 3725.


LaTeX Warning: File `img/mnist_data_10_0.png' not found on input line 3736.


/home/jet08013/GitHub/BookFun/chapters/build.tex:3736: Package pdftex.def Error: File `img/mnist_data_10_0.png' not found: using draft setting.

See the pdftex.def package documentation for explanation.
Type  H <return>  for immediate help.
 ...                                              
                                                  
l.3736 }
        
Try typing  <return>  to proceed.
If that doesn't work, type  X <return>  to quit.

[77]
chapter 5.
[78


]

LaTeX Warning: File `img/penguins.png' not found on input line 3799.


/home/jet08013/GitHub/BookFun/chapters/build.tex:3799: Package pdftex.def Error: File `img/penguins.png' not found: using draft setting.

See the pdftex.def package documentation for explanation.
Type  H <return>  for immediate help.
 ...                                              
                                                  
l.3799 }
        
Try typing  <return>  to proceed.
If that doesn't work, type  X <return>  to quit.


LaTeX Warning: Reference `fig:penguinsline' on page 1 undefined on input line 3816.


LaTeX Warning: Reference `fig:penguins' on page 1 undefined on input line 3818.


LaTeX Warning: File `img/penguins_with_line.png' not found on input line 3827.


/home/jet08013/GitHub/BookFun/chapters/build.tex:3827: Package pdftex.def Error: File `img/penguins_with_line.png' not found: using draft setting.

See the pdftex.def package documentation for explanation.
Type  H <return>  for immediate help.
 ...                                              
                                                  
l.3827 }
        
Try typing  <return>  to proceed.
If that doesn't work, type  X <return>  to quit.

[79] [80]

LaTeX Warning: Reference `eq:degreeone' on page 1 undefined on input line 3882.


LaTeX Warning: Reference `fig:triangle' on page 1 undefined on input line 3915.


LaTeX Warning: File `img/triangle.png' not found on input line 3932.


/home/jet08013/GitHub/BookFun/chapters/build.tex:3932: Package pdftex.def Error: File `img/triangle.png' not found: using draft setting.

See the pdftex.def package documentation for explanation.
Type  H <return>  for immediate help.
 ...                                              
                                                  
l.3932 }
        
Try typing  <return>  to proceed.
If that doesn't work, type  X <return>  to quit.

[81] [82]

LaTeX Warning: Reference `fig:penguinhwy2' on page 1 undefined on input line 4002.


LaTeX Warning: File `img/penguinhwy2.png' not found on input line 4026.


/home/jet08013/GitHub/BookFun/chapters/build.tex:4026: Package pdftex.def Error: File `img/penguinhwy2.png' not found: using draft setting.

See the pdftex.def package documentation for explanation.
Type  H <return>  for immediate help.
 ...                                              
                                                  
l.4026 }
        
Try typing  <return>  to proceed.
If that doesn't work, type  X <return>  to quit.

[83]

LaTeX Warning: Reference `fig:penguinhwy2' on page 1 undefined on input line 4084.

[84]

LaTeX Warning: Reference `fig:nonstrict' on page 1 undefined on input line 4107.


LaTeX Warning: File `img/margindistance2.png' not found on input line 4118.


/home/jet08013/GitHub/BookFun/chapters/build.tex:4118: Package pdftex.def Error: File `img/margindistance2.png' not found: using draft setting.

See the pdftex.def package documentation for explanation.
Type  H <return>  for immediate help.
 ...                                              
                                                  
l.4118 }
        
Try typing  <return>  to proceed.
If that doesn't work, type  X <return>  to quit.

[85]

LaTeX Warning: Reference `fig:convexnotconvex' on page 1 undefined on input line 4149.


LaTeX Warning: File `img/ConvexNotConvex.png' not found on input line 4157.


/home/jet08013/GitHub/BookFun/chapters/build.tex:4157: Package pdftex.def Error: File `img/ConvexNotConvex.png' not found: using draft setting.

See the pdftex.def package documentation for explanation.
Type  H <return>  for immediate help.
 ...                                              
                                                  
l.4157 }
        
Try typing  <return>  to proceed.
If that doesn't work, type  X <return>  to quit.

[86] [87]

LaTeX Warning: Reference `fig:convexhull' on page 1 undefined on input line 4210.


LaTeX Warning: File `img/penguinswithhulls.png' not found on input line 4220.


/home/jet08013/GitHub/BookFun/chapters/build.tex:4220: Package pdftex.def Error: File `img/penguinswithhulls.png' not found: using draft setting.

See the pdftex.def package documentation for explanation.
Type  H <return>  for immediate help.
 ...                                              
                                                  
l.4220 }
        
Try typing  <return>  to proceed.
If that doesn't work, type  X <return>  to quit.


LaTeX Warning: Reference `sec:exercises' on page 1 undefined on input line 4227.

[88]

LaTeX Warning: Reference `sec:exercises' on page 1 undefined on input line 4267.


LaTeX Warning: Reference `sec:exercises' on page 1 undefined on input line 4272.


LaTeX Warning: Reference `fig:nonstrict' on page 1 undefined on input line 4281.


LaTeX Warning: Reference `sec:linearseparable' on page 1 undefined on input line 4288.

[89]

LaTeX Warning: Reference `fig:chord' on page 1 undefined on input line 4369.


LaTeX Warning: File `img/chord2.png' not found on input line 4380.


/home/jet08013/GitHub/BookFun/chapters/build.tex:4380: Package pdftex.def Error: File `img/chord2.png' not found: using draft setting.

See the pdftex.def package documentation for explanation.
Type  H <return>  for immediate help.
 ...                                              
                                                  
l.4380 }
        
Try typing  <return>  to proceed.
If that doesn't work, type  X <return>  to quit.

[90] [91]

LaTeX Warning: Reference `fig:strict' on page 1 undefined on input line 4437.


LaTeX Warning: Reference `fig:nonstrict' on page 1 undefined on input line 4438.


LaTeX Warning: File `img/ConvexHullWithMargin.png' not found on input line 4448.


/home/jet08013/GitHub/BookFun/chapters/build.tex:4448: Package pdftex.def Error: File `img/ConvexHullWithMargin.png' not found: using draft setting.

See the pdftex.def package documentation for explanation.
Type  H <return>  for immediate help.
 ...                                              
                                                  
l.4448 }
        
Try typing  <return>  to proceed.
If that doesn't work, type  X <return>  to quit.

[92] [93] [94] [95]

LaTeX Warning: Reference `eq:delta' on page 1 undefined on input line 4604.


LaTeX Warning: Reference `fig:quadratics' on page 1 undefined on input line 4609.


LaTeX Warning: File `img/quadratic.png' not found on input line 4617.


/home/jet08013/GitHub/BookFun/chapters/build.tex:4617: Package pdftex.def Error: File `img/quadratic.png' not found: using draft setting.

See the pdftex.def package documentation for explanation.
Type  H <return>  for immediate help.
 ...                                              
                                                  
l.4617 }
        
Try typing  <return>  to proceed.
If that doesn't work, type  X <return>  to quit.

[96] [97]

LaTeX Warning: Reference `fig:penguinsolution' on page 1 undefined on input line 4694.


LaTeX Warning: File `img/solution.png' not found on input line 4710.


/home/jet08013/GitHub/BookFun/chapters/build.tex:4710: Package pdftex.def Error: File `img/solution.png' not found: using draft setting.

See the pdftex.def package documentation for explanation.
Type  H <return>  for immediate help.
 ...                                              
                                                  
l.4710 }
        
Try typing  <return>  to proceed.
If that doesn't work, type  X <return>  to quit.

[98]

LaTeX Warning: Reference `eq:kernel' on page 1 undefined on input line 4750.

[99] [100]
Package microtype Info: Character `029' is missing
(microtype)             in font `T1/lmr/m/sc/10.95'.
(microtype)             Ignoring protrusion settings for this character.

Overfull \hbox (2.43333pt too wide) in paragraph at lines 4788--4793
[] []
 []


Underfull \hbox (badness 10000) in paragraph at lines 4788--4793

 []


Overfull \hbox (2.43333pt too wide) in paragraph at lines 4794--4798
[][] []
 []


Underfull \hbox (badness 10000) in paragraph at lines 4794--4798

 []


Overfull \hbox (2.43333pt too wide) in paragraph at lines 4799--4804
[][] []
 []


Underfull \hbox (badness 10000) in paragraph at lines 4799--4804

 []


Overfull \hbox (2.43333pt too wide) in paragraph at lines 4805--4813
[][] []
 []


Underfull \hbox (badness 10000) in paragraph at lines 4805--4813

 []


Overfull \hbox (2.43333pt too wide) in paragraph at lines 4814--4820
[][] []
 []


Underfull \hbox (badness 10000) in paragraph at lines 4814--4820

 []


Overfull \hbox (2.43333pt too wide) in paragraph at lines 4821--4828
[][] []
 []


Underfull \hbox (badness 10000) in paragraph at lines 4821--4828

 []


Overfull \hbox (2.43333pt too wide) in paragraph at lines 4829--4833
[][] []
 []


Underfull \hbox (badness 10000) in paragraph at lines 4829--4833

 []


Overfull \hbox (2.43333pt too wide) in paragraph at lines 4834--4840
[][] []
 []


Underfull \hbox (badness 10000) in paragraph at lines 4834--4840

 []


Overfull \hbox (2.43333pt too wide) in paragraph at lines 4841--4846
[][] []
 []


Underfull \hbox (badness 10000) in paragraph at lines 4841--4846

 []

[101


]

Package longtable Warning: Table widths have changed. Rerun LaTeX.

Package atveryend Info: Empty hook `BeforeClearDocument' on input line 4850.
Package atveryend Info: Empty hook `AfterLastShipout' on input line 4850.
(/home/jet08013/GitHub/BookFun/chapters/build.aux)
Package atveryend Info: Executing hook `AtVeryEndDocument' on input line 4850.
Package atveryend Info: Empty hook `AtEndAfterFileList' on input line 4850.


LaTeX Warning: There were undefined references.


LaTeX Warning: Label(s) may have changed. Rerun to get cross-references right.

Package atveryend Info: Empty hook `AtVeryVeryEnd' on input line 4850.
 ) 
Here is how much of TeX's memory you used:
 21780 strings out of 481239
 364710 string characters out of 5920376
 752709 words of memory out of 5000000
 36049 multiletter control sequences out of 15000+600000
 609789 words of font info for 183 fonts, out of 8000000 for 9000
 1141 hyphenation exceptions out of 8191
 46i,11n,72p,10167b,536s stack positions out of 5000i,500n,10000p,200000b,80000s
{/usr/share/texmf/fonts/enc/dvips/lm/lm-ec.enc}{/usr/share/texmf/fonts/enc/dvips/lm/lm-mathsy.enc}{/usr/share/texmf/fonts/enc/dvips/lm/lm-rm.enc}{/usr/share/texmf/fonts/enc/dvips/lm/lm-mathit.enc}{/usr/share/texmf/fonts/enc/dvips/lm/lm-mathex.enc}{/usr/share/texmf/fonts/enc/dvips/lm/lm-ts1.enc}</usr/share/texmf/fonts/type1/public/lm/lmbx10.pfb></usr/share/texmf/fonts/type1/public/lm/lmbx6.pfb></usr/share/texmf/fonts/type1/public/lm/lmbx8.pfb></usr/share/texmf/fonts/type1/public/lm/lmcsc10.pfb></usr/share/texmf/fonts/type1/public/lm/lmex10.pfb></usr/share/texmf/fonts/type1/public/lm/lmmi10.pfb></usr/share/texmf/fonts/type1/public/lm/lmmi6.pfb></usr/share/texmf/fonts/type1/public/lm/lmmi8.pfb></usr/share/texmf/fonts/type1/public/lm/lmr10.pfb></usr/share/texmf/fonts/type1/public/lm/lmr12.pfb></usr/share/texmf/fonts/type1/public/lm/lmr6.pfb></usr/share/texmf/fonts/type1/public/lm/lmr8.pfb></usr/share/texmf/fonts/type1/public/lm/lmri10.pfb></usr/share/texmf/fonts/type1/public/lm/lmro10.pfb></usr/share/texmf/fonts/type1/public/lm/lmssbx10.pfb></usr/share/texmf/fonts/type1/public/lm/lmsy10.pfb></usr/share/texmf/fonts/type1/public/lm/lmsy6.pfb></usr/share/texmf/fonts/type1/public/lm/lmsy8.pfb></usr/share/texmf/fonts/type1/public/lm/lmtt10.pfb></usr/share/texlive/texmf-dist/fonts/type1/public/amsfonts/symbols/msam10.pfb></usr/share/texlive/texmf-dist/fonts/type1/public/amsfonts/symbols/msbm10.pfb>
Output written on /home/jet08013/GitHub/BookFun/chapters/build.pdf (104 pages, 673894 bytes).
PDF statistics:
 1220 PDF objects out of 1440 (max. 8388607)
 1081 compressed objects within 11 object streams
 418 named destinations out of 1000 (max. 500000)
 14977 words of extra memory for PDF output out of 17280 (max. 10000000)

